Analysis & Synthesis report for MIPS_Verilog
Wed Sep 02 20:48:06 2020
Quartus Prime Version 18.1.0 Build 625 09/12/2018 SJ Lite Edition


---------------------
; Table of Contents ;
---------------------
  1. Legal Notice
  2. Analysis & Synthesis Summary
  3. Analysis & Synthesis Settings
  4. Parallel Compilation
  5. Analysis & Synthesis Source Files Read
  6. Analysis & Synthesis Resource Usage Summary
  7. Analysis & Synthesis Resource Utilization by Entity
  8. Registers Removed During Synthesis
  9. General Register Statistics
 10. Multiplexer Restructuring Statistics (Restructuring Performed)
 11. Parameter Settings for User Entity Instance: Top-level Entity: |pc_memprog_regfile
 12. Parameter Settings for User Entity Instance: instruction_memory:instruction_memory
 13. Parameter Settings for User Entity Instance: program_counter:program_counter
 14. Port Connectivity Checks: "reg_file:reg_file"
 15. Post-Synthesis Netlist Statistics for Top Partition
 16. Elapsed Time Per Partition
 17. Analysis & Synthesis Messages
 18. Analysis & Synthesis Suppressed Messages



----------------
; Legal Notice ;
----------------
Copyright (C) 2018  Intel Corporation. All rights reserved.
Your use of Intel Corporation's design tools, logic functions 
and other software and tools, and its AMPP partner logic 
functions, and any output files from any of the foregoing 
(including device programming or simulation files), and any 
associated documentation or information are expressly subject 
to the terms and conditions of the Intel Program License 
Subscription Agreement, the Intel Quartus Prime License Agreement,
the Intel FPGA IP License Agreement, or other applicable license
agreement, including, without limitation, that your use is for
the sole purpose of programming logic devices manufactured by
Intel and sold by Intel or its authorized distributors.  Please
refer to the applicable agreement for further details.



+-------------------------------------------------------------------------------+
; Analysis & Synthesis Summary                                                  ;
+---------------------------------+---------------------------------------------+
; Analysis & Synthesis Status     ; Successful - Wed Sep 02 20:48:06 2020       ;
; Quartus Prime Version           ; 18.1.0 Build 625 09/12/2018 SJ Lite Edition ;
; Revision Name                   ; MIPS_Verilog                                ;
; Top-level Entity Name           ; pc_memprog_regfile                          ;
; Family                          ; Cyclone V                                   ;
; Logic utilization (in ALMs)     ; N/A                                         ;
; Total registers                 ; 31                                          ;
; Total pins                      ; 70                                          ;
; Total virtual pins              ; 0                                           ;
; Total block memory bits         ; 0                                           ;
; Total DSP Blocks                ; 0                                           ;
; Total HSSI RX PCSs              ; 0                                           ;
; Total HSSI PMA RX Deserializers ; 0                                           ;
; Total HSSI TX PCSs              ; 0                                           ;
; Total HSSI PMA TX Serializers   ; 0                                           ;
; Total PLLs                      ; 0                                           ;
; Total DLLs                      ; 0                                           ;
+---------------------------------+---------------------------------------------+


+---------------------------------------------------------------------------------------------------------------------------+
; Analysis & Synthesis Settings                                                                                             ;
+---------------------------------------------------------------------------------+--------------------+--------------------+
; Option                                                                          ; Setting            ; Default Value      ;
+---------------------------------------------------------------------------------+--------------------+--------------------+
; Device                                                                          ; 5CGXFC7C7F23C8     ;                    ;
; Top-level entity name                                                           ; pc_memprog_regfile ; MIPS_Verilog       ;
; Family name                                                                     ; Cyclone V          ; Cyclone V          ;
; Use smart compilation                                                           ; Off                ; Off                ;
; Enable parallel Assembler and Timing Analyzer during compilation                ; On                 ; On                 ;
; Enable compact report table                                                     ; Off                ; Off                ;
; Restructure Multiplexers                                                        ; Auto               ; Auto               ;
; MLAB Add Timing Constraints For Mixed-Port Feed-Through Mode Setting Don't Care ; Off                ; Off                ;
; Create Debugging Nodes for IP Cores                                             ; Off                ; Off                ;
; Preserve fewer node names                                                       ; On                 ; On                 ;
; Intel FPGA IP Evaluation Mode                                                   ; Enable             ; Enable             ;
; Verilog Version                                                                 ; Verilog_2001       ; Verilog_2001       ;
; VHDL Version                                                                    ; VHDL_1993          ; VHDL_1993          ;
; State Machine Processing                                                        ; Auto               ; Auto               ;
; Safe State Machine                                                              ; Off                ; Off                ;
; Extract Verilog State Machines                                                  ; On                 ; On                 ;
; Extract VHDL State Machines                                                     ; On                 ; On                 ;
; Ignore Verilog initial constructs                                               ; Off                ; Off                ;
; Iteration limit for constant Verilog loops                                      ; 5000               ; 5000               ;
; Iteration limit for non-constant Verilog loops                                  ; 250                ; 250                ;
; Add Pass-Through Logic to Inferred RAMs                                         ; On                 ; On                 ;
; Infer RAMs from Raw Logic                                                       ; On                 ; On                 ;
; Parallel Synthesis                                                              ; On                 ; On                 ;
; DSP Block Balancing                                                             ; Auto               ; Auto               ;
; NOT Gate Push-Back                                                              ; On                 ; On                 ;
; Power-Up Don't Care                                                             ; On                 ; On                 ;
; Remove Redundant Logic Cells                                                    ; Off                ; Off                ;
; Remove Duplicate Registers                                                      ; On                 ; On                 ;
; Ignore CARRY Buffers                                                            ; Off                ; Off                ;
; Ignore CASCADE Buffers                                                          ; Off                ; Off                ;
; Ignore GLOBAL Buffers                                                           ; Off                ; Off                ;
; Ignore ROW GLOBAL Buffers                                                       ; Off                ; Off                ;
; Ignore LCELL Buffers                                                            ; Off                ; Off                ;
; Ignore SOFT Buffers                                                             ; On                 ; On                 ;
; Limit AHDL Integers to 32 Bits                                                  ; Off                ; Off                ;
; Optimization Technique                                                          ; Balanced           ; Balanced           ;
; Carry Chain Length                                                              ; 70                 ; 70                 ;
; Auto Carry Chains                                                               ; On                 ; On                 ;
; Auto Open-Drain Pins                                                            ; On                 ; On                 ;
; Perform WYSIWYG Primitive Resynthesis                                           ; Off                ; Off                ;
; Auto ROM Replacement                                                            ; On                 ; On                 ;
; Auto RAM Replacement                                                            ; On                 ; On                 ;
; Auto DSP Block Replacement                                                      ; On                 ; On                 ;
; Auto Shift Register Replacement                                                 ; Auto               ; Auto               ;
; Allow Shift Register Merging across Hierarchies                                 ; Auto               ; Auto               ;
; Auto Clock Enable Replacement                                                   ; On                 ; On                 ;
; Strict RAM Replacement                                                          ; Off                ; Off                ;
; Allow Synchronous Control Signals                                               ; On                 ; On                 ;
; Force Use of Synchronous Clear Signals                                          ; Off                ; Off                ;
; Auto Resource Sharing                                                           ; Off                ; Off                ;
; Allow Any RAM Size For Recognition                                              ; Off                ; Off                ;
; Allow Any ROM Size For Recognition                                              ; Off                ; Off                ;
; Allow Any Shift Register Size For Recognition                                   ; Off                ; Off                ;
; Use LogicLock Constraints during Resource Balancing                             ; On                 ; On                 ;
; Ignore translate_off and synthesis_off directives                               ; Off                ; Off                ;
; Timing-Driven Synthesis                                                         ; On                 ; On                 ;
; Report Parameter Settings                                                       ; On                 ; On                 ;
; Report Source Assignments                                                       ; On                 ; On                 ;
; Report Connectivity Checks                                                      ; On                 ; On                 ;
; Ignore Maximum Fan-Out Assignments                                              ; Off                ; Off                ;
; Synchronization Register Chain Length                                           ; 3                  ; 3                  ;
; Power Optimization During Synthesis                                             ; Normal compilation ; Normal compilation ;
; HDL message level                                                               ; Level2             ; Level2             ;
; Suppress Register Optimization Related Messages                                 ; Off                ; Off                ;
; Number of Removed Registers Reported in Synthesis Report                        ; 5000               ; 5000               ;
; Number of Swept Nodes Reported in Synthesis Report                              ; 5000               ; 5000               ;
; Number of Inverted Registers Reported in Synthesis Report                       ; 100                ; 100                ;
; Clock MUX Protection                                                            ; On                 ; On                 ;
; Auto Gated Clock Conversion                                                     ; Off                ; Off                ;
; Block Design Naming                                                             ; Auto               ; Auto               ;
; SDC constraint protection                                                       ; Off                ; Off                ;
; Synthesis Effort                                                                ; Auto               ; Auto               ;
; Shift Register Replacement - Allow Asynchronous Clear Signal                    ; On                 ; On                 ;
; Pre-Mapping Resynthesis Optimization                                            ; Off                ; Off                ;
; Analysis & Synthesis Message Level                                              ; Medium             ; Medium             ;
; Disable Register Merging Across Hierarchies                                     ; Auto               ; Auto               ;
; Resource Aware Inference For Block RAM                                          ; On                 ; On                 ;
; Automatic Parallel Synthesis                                                    ; On                 ; On                 ;
; Partial Reconfiguration Bitstream ID                                            ; Off                ; Off                ;
+---------------------------------------------------------------------------------+--------------------+--------------------+


+------------------------------------------+
; Parallel Compilation                     ;
+----------------------------+-------------+
; Processors                 ; Number      ;
+----------------------------+-------------+
; Number detected on machine ; 8           ;
; Maximum allowed            ; 4           ;
;                            ;             ;
; Average used               ; 1.00        ;
; Maximum used               ; 4           ;
;                            ;             ;
; Usage by Processor         ; % Time Used ;
;     Processor 1            ; 100.0%      ;
;     Processors 2-4         ;   0.0%      ;
+----------------------------+-------------+


+---------------------------------------------------------------------------------------------------------------------------------------------------------+
; Analysis & Synthesis Source Files Read                                                                                                                  ;
+----------------------------------+-----------------+------------------------+-----------------------------------------------------------------+---------+
; File Name with User-Entered Path ; Used in Netlist ; File Type              ; File Name with Absolute Path                                    ; Library ;
+----------------------------------+-----------------+------------------------+-----------------------------------------------------------------+---------+
; reg_file.v                       ; yes             ; User Verilog HDL File  ; C:/Users/Gabriel/Documents/IC/MIPS_Verilog/reg_file.v           ;         ;
; program_counter.v                ; yes             ; User Verilog HDL File  ; C:/Users/Gabriel/Documents/IC/MIPS_Verilog/program_counter.v    ;         ;
; instruction_memory.v             ; yes             ; User Verilog HDL File  ; C:/Users/Gabriel/Documents/IC/MIPS_Verilog/instruction_memory.v ;         ;
; pc_memprog_regfile.v             ; yes             ; User Verilog HDL File  ; C:/Users/Gabriel/Documents/IC/MIPS_Verilog/pc_memprog_regfile.v ;         ;
; programa.txt                     ; yes             ; Auto-Found File        ; C:/Users/Gabriel/Documents/IC/MIPS_Verilog/programa.txt         ;         ;
+----------------------------------+-----------------+------------------------+-----------------------------------------------------------------+---------+


+---------------------------------------------------------+
; Analysis & Synthesis Resource Usage Summary             ;
+---------------------------------------------+-----------+
; Resource                                    ; Usage     ;
+---------------------------------------------+-----------+
; Estimate of Logic utilization (ALMs needed) ; 52        ;
;                                             ;           ;
; Combinational ALUT usage for logic          ; 101       ;
;     -- 7 input functions                    ; 0         ;
;     -- 6 input functions                    ; 2         ;
;     -- 5 input functions                    ; 5         ;
;     -- 4 input functions                    ; 3         ;
;     -- <=3 input functions                  ; 91        ;
;                                             ;           ;
; Dedicated logic registers                   ; 31        ;
;                                             ;           ;
; I/O pins                                    ; 70        ;
;                                             ;           ;
; Total DSP Blocks                            ; 0         ;
;                                             ;           ;
; Maximum fan-out node                        ; clk~input ;
; Maximum fan-out                             ; 31        ;
; Total fan-out                               ; 456       ;
; Average fan-out                             ; 1.68      ;
+---------------------------------------------+-----------+


+-----------------------------------------------------------------------------------------------------------------------------------------------------------------------------------------------------------------------------------------------------+
; Analysis & Synthesis Resource Utilization by Entity                                                                                                                                                                                                 ;
+--------------------------------------------+---------------------+---------------------------+-------------------+------------+------+--------------+-----------------------------------------------------------+--------------------+--------------+
; Compilation Hierarchy Node                 ; Combinational ALUTs ; Dedicated Logic Registers ; Block Memory Bits ; DSP Blocks ; Pins ; Virtual Pins ; Full Hierarchy Name                                       ; Entity Name        ; Library Name ;
+--------------------------------------------+---------------------+---------------------------+-------------------+------------+------+--------------+-----------------------------------------------------------+--------------------+--------------+
; |pc_memprog_regfile                        ; 101 (0)             ; 31 (0)                    ; 0                 ; 0          ; 70   ; 0            ; |pc_memprog_regfile                                       ; pc_memprog_regfile ; work         ;
;    |instruction_memory:instruction_memory| ; 2 (2)               ; 0 (0)                     ; 0                 ; 0          ; 0    ; 0            ; |pc_memprog_regfile|instruction_memory:instruction_memory ; instruction_memory ; work         ;
;    |program_counter:program_counter|       ; 98 (98)             ; 30 (30)                   ; 0                 ; 0          ; 0    ; 0            ; |pc_memprog_regfile|program_counter:program_counter       ; program_counter    ; work         ;
;    |reg_file:reg_file|                     ; 1 (1)               ; 1 (1)                     ; 0                 ; 0          ; 0    ; 0            ; |pc_memprog_regfile|reg_file:reg_file                     ; reg_file           ; work         ;
+--------------------------------------------+---------------------+---------------------------+-------------------+------------+------+--------------+-----------------------------------------------------------+--------------------+--------------+
Note: For table entries with two numbers listed, the numbers in parentheses indicate the number of resources of the given type used by the specific entity alone. The numbers listed outside of parentheses indicate the total resources of the given type used by the specific entity and all of its sub-entities in the hierarchy.


+----------------------------------------------------------------------------------+
; Registers Removed During Synthesis                                               ;
+-----------------------------------------+----------------------------------------+
; Register name                           ; Reason for Removal                     ;
+-----------------------------------------+----------------------------------------+
; program_counter:program_counter|pc[0,1] ; Stuck at GND due to stuck port data_in ;
; reg_file:reg_file|registradores[0][0]   ; Stuck at GND due to stuck port data_in ;
; reg_file:reg_file|registradores[0][1]   ; Stuck at GND due to stuck port data_in ;
; reg_file:reg_file|registradores[0][2]   ; Stuck at GND due to stuck port data_in ;
; reg_file:reg_file|registradores[0][3]   ; Stuck at GND due to stuck port data_in ;
; reg_file:reg_file|registradores[0][4]   ; Stuck at GND due to stuck port data_in ;
; reg_file:reg_file|registradores[0][5]   ; Stuck at GND due to stuck port data_in ;
; reg_file:reg_file|registradores[0][6]   ; Stuck at GND due to stuck port data_in ;
; reg_file:reg_file|registradores[0][7]   ; Stuck at GND due to stuck port data_in ;
; reg_file:reg_file|registradores[0][8]   ; Stuck at GND due to stuck port data_in ;
; reg_file:reg_file|registradores[0][9]   ; Stuck at GND due to stuck port data_in ;
; reg_file:reg_file|registradores[0][10]  ; Stuck at GND due to stuck port data_in ;
; reg_file:reg_file|registradores[0][11]  ; Stuck at GND due to stuck port data_in ;
; reg_file:reg_file|registradores[0][12]  ; Stuck at GND due to stuck port data_in ;
; reg_file:reg_file|registradores[0][13]  ; Stuck at GND due to stuck port data_in ;
; reg_file:reg_file|registradores[0][14]  ; Stuck at GND due to stuck port data_in ;
; reg_file:reg_file|registradores[0][15]  ; Stuck at GND due to stuck port data_in ;
; reg_file:reg_file|registradores[0][16]  ; Stuck at GND due to stuck port data_in ;
; reg_file:reg_file|registradores[0][17]  ; Stuck at GND due to stuck port data_in ;
; reg_file:reg_file|registradores[0][18]  ; Stuck at GND due to stuck port data_in ;
; reg_file:reg_file|registradores[0][19]  ; Stuck at GND due to stuck port data_in ;
; reg_file:reg_file|registradores[0][20]  ; Stuck at GND due to stuck port data_in ;
; reg_file:reg_file|registradores[0][21]  ; Stuck at GND due to stuck port data_in ;
; reg_file:reg_file|registradores[0][22]  ; Stuck at GND due to stuck port data_in ;
; reg_file:reg_file|registradores[0][23]  ; Stuck at GND due to stuck port data_in ;
; reg_file:reg_file|registradores[0][24]  ; Stuck at GND due to stuck port data_in ;
; reg_file:reg_file|registradores[0][25]  ; Stuck at GND due to stuck port data_in ;
; reg_file:reg_file|registradores[0][26]  ; Stuck at GND due to stuck port data_in ;
; reg_file:reg_file|registradores[0][27]  ; Stuck at GND due to stuck port data_in ;
; reg_file:reg_file|registradores[0][28]  ; Stuck at GND due to stuck port data_in ;
; reg_file:reg_file|registradores[0][29]  ; Stuck at GND due to stuck port data_in ;
; reg_file:reg_file|registradores[0][30]  ; Stuck at GND due to stuck port data_in ;
; Total Number of Removed Registers = 33  ;                                        ;
+-----------------------------------------+----------------------------------------+


+------------------------------------------------------+
; General Register Statistics                          ;
+----------------------------------------------+-------+
; Statistic                                    ; Value ;
+----------------------------------------------+-------+
; Total registers                              ; 31    ;
; Number of registers using Synchronous Clear  ; 30    ;
; Number of registers using Synchronous Load   ; 0     ;
; Number of registers using Asynchronous Clear ; 31    ;
; Number of registers using Asynchronous Load  ; 0     ;
; Number of registers using Clock Enable       ; 0     ;
; Number of registers using Preset             ; 0     ;
+----------------------------------------------+-------+


+-------------------------------------------------------------------------------------------------------------------------------------------------------------------------+
; Multiplexer Restructuring Statistics (Restructuring Performed)                                                                                                          ;
+--------------------+-----------+---------------+----------------------+------------------------+------------+-----------------------------------------------------------+
; Multiplexer Inputs ; Bus Width ; Baseline Area ; Area if Restructured ; Saving if Restructured ; Registered ; Example Multiplexer Output                                ;
+--------------------+-----------+---------------+----------------------+------------------------+------------+-----------------------------------------------------------+
; 3:1                ; 30 bits   ; 60 LEs        ; 30 LEs               ; 30 LEs                 ; Yes        ; |pc_memprog_regfile|program_counter:program_counter|pc[2] ;
+--------------------+-----------+---------------+----------------------+------------------------+------------+-----------------------------------------------------------+


+------------------------------------------------------------------------------------+
; Parameter Settings for User Entity Instance: Top-level Entity: |pc_memprog_regfile ;
+--------------------------+-------+-------------------------------------------------+
; Parameter Name           ; Value ; Type                                            ;
+--------------------------+-------+-------------------------------------------------+
; NUM_BITS_ADDR_BARRAMENTO ; 32    ; Signed Integer                                  ;
; NUM_BITS_MEM_PROG        ; 32    ; Signed Integer                                  ;
+--------------------------+-------+-------------------------------------------------+
Note: In order to hide this table in the UI and the text report file, please set the "Show Parameter Settings in Synthesis Report" option in "Analysis and Synthesis Settings -> More Settings" to "Off".


+------------------------------------------------------------------------------------+
; Parameter Settings for User Entity Instance: instruction_memory:instruction_memory ;
+--------------------------+-------+-------------------------------------------------+
; Parameter Name           ; Value ; Type                                            ;
+--------------------------+-------+-------------------------------------------------+
; NUM_BITS_ADDR_BARRAMENTO ; 32    ; Signed Integer                                  ;
; NUM_BITS_MEM_PROG        ; 32    ; Signed Integer                                  ;
; NUM_BITS_ADDR_PROG       ; 8     ; Signed Integer                                  ;
+--------------------------+-------+-------------------------------------------------+
Note: In order to hide this table in the UI and the text report file, please set the "Show Parameter Settings in Synthesis Report" option in "Analysis and Synthesis Settings -> More Settings" to "Off".


+------------------------------------------------------------------------------+
; Parameter Settings for User Entity Instance: program_counter:program_counter ;
+--------------------------+-------+-------------------------------------------+
; Parameter Name           ; Value ; Type                                      ;
+--------------------------+-------+-------------------------------------------+
; NUM_BITS_ADDR_BARRAMENTO ; 32    ; Signed Integer                            ;
; NUM_BITS_ADDR_PROG       ; 8     ; Signed Integer                            ;
+--------------------------+-------+-------------------------------------------+
Note: In order to hide this table in the UI and the text report file, please set the "Show Parameter Settings in Synthesis Report" option in "Analysis and Synthesis Settings -> More Settings" to "Off".


+-------------------------------------------------------------------------------------------------------------------------------------------------------------------------+
; Port Connectivity Checks: "reg_file:reg_file"                                                                                                                           ;
+------+-------+----------+-----------------------------------------------------------------------------------------------------------------------------------------------+
; Port ; Type  ; Severity ; Details                                                                                                                                       ;
+------+-------+----------+-----------------------------------------------------------------------------------------------------------------------------------------------+
; WD3  ; Input ; Warning  ; Input port expression (1 bits) is smaller than the input port (32 bits) it drives.  Extra input bit(s) "WD3[31..1]" will be connected to GND. ;
+------+-------+----------+-----------------------------------------------------------------------------------------------------------------------------------------------+


+-----------------------------------------------------+
; Post-Synthesis Netlist Statistics for Top Partition ;
+-----------------------+-----------------------------+
; Type                  ; Count                       ;
+-----------------------+-----------------------------+
; arriav_ff             ; 31                          ;
;     CLR               ; 1                           ;
;     CLR SCLR          ; 30                          ;
; arriav_lcell_comb     ; 102                         ;
;     arith             ; 60                          ;
;         1 data inputs ; 59                          ;
;         2 data inputs ; 1                           ;
;     normal            ; 42                          ;
;         0 data inputs ; 1                           ;
;         3 data inputs ; 31                          ;
;         4 data inputs ; 3                           ;
;         5 data inputs ; 5                           ;
;         6 data inputs ; 2                           ;
; boundary_port         ; 70                          ;
;                       ;                             ;
; Max LUT depth         ; 6.90                        ;
; Average LUT depth     ; 5.43                        ;
+-----------------------+-----------------------------+


+-------------------------------+
; Elapsed Time Per Partition    ;
+----------------+--------------+
; Partition Name ; Elapsed Time ;
+----------------+--------------+
; Top            ; 00:00:01     ;
+----------------+--------------+


+-------------------------------+
; Analysis & Synthesis Messages ;
+-------------------------------+
Info: *******************************************************************
Info: Running Quartus Prime Analysis & Synthesis
    Info: Version 18.1.0 Build 625 09/12/2018 SJ Lite Edition
    Info: Processing started: Wed Sep 02 20:47:37 2020
Info: Command: quartus_map --read_settings_files=on --write_settings_files=off MIPS_Verilog -c MIPS_Verilog
Warning (18236): Number of processors has not been specified which may cause overloading on shared machines.  Set the global assignment NUM_PARALLEL_PROCESSORS in your QSF to an appropriate value for best performance.
Info (20030): Parallel compilation is enabled and will use 4 of the 4 processors detected
Info (12021): Found 1 design units, including 1 entities, in source file reg_file.v
    Info (12023): Found entity 1: reg_file File: C:/Users/Gabriel/Documents/IC/MIPS_Verilog/reg_file.v Line: 3
Info (12021): Found 1 design units, including 1 entities, in source file reg_file_tb.v
    Info (12023): Found entity 1: reg_file_tb File: C:/Users/Gabriel/Documents/IC/MIPS_Verilog/reg_file_tb.v Line: 3
Info (12021): Found 1 design units, including 1 entities, in source file program_counter.v
    Info (12023): Found entity 1: program_counter File: C:/Users/Gabriel/Documents/IC/MIPS_Verilog/program_counter.v Line: 11
Info (12021): Found 1 design units, including 1 entities, in source file instruction_memory.v
    Info (12023): Found entity 1: instruction_memory File: C:/Users/Gabriel/Documents/IC/MIPS_Verilog/instruction_memory.v Line: 11
Info (12021): Found 1 design units, including 1 entities, in source file control_unit.v
    Info (12023): Found entity 1: Control_Unit File: C:/Users/Gabriel/Documents/IC/MIPS_Verilog/Control_Unit.v Line: 1
Info (12021): Found 1 design units, including 1 entities, in source file pc_memprog_regfile.v
    Info (12023): Found entity 1: pc_memprog_regfile File: C:/Users/Gabriel/Documents/IC/MIPS_Verilog/pc_memprog_regfile.v Line: 1
Info (12127): Elaborating entity "pc_memprog_regfile" for the top level hierarchy
Info (12128): Elaborating entity "instruction_memory" for hierarchy "instruction_memory:instruction_memory" File: C:/Users/Gabriel/Documents/IC/MIPS_Verilog/pc_memprog_regfile.v Line: 24
Warning (10030): Net "rom.data_a" at instruction_memory.v(20) has no driver or initial value, using a default initial value '0' File: C:/Users/Gabriel/Documents/IC/MIPS_Verilog/instruction_memory.v Line: 20
Warning (10030): Net "rom.waddr_a" at instruction_memory.v(20) has no driver or initial value, using a default initial value '0' File: C:/Users/Gabriel/Documents/IC/MIPS_Verilog/instruction_memory.v Line: 20
Warning (10030): Net "rom.we_a" at instruction_memory.v(20) has no driver or initial value, using a default initial value '0' File: C:/Users/Gabriel/Documents/IC/MIPS_Verilog/instruction_memory.v Line: 20
Info (12128): Elaborating entity "program_counter" for hierarchy "program_counter:program_counter" File: C:/Users/Gabriel/Documents/IC/MIPS_Verilog/pc_memprog_regfile.v Line: 33
Info (12128): Elaborating entity "reg_file" for hierarchy "reg_file:reg_file" File: C:/Users/Gabriel/Documents/IC/MIPS_Verilog/pc_memprog_regfile.v Line: 42
Warning (10858): Verilog HDL warning at reg_file.v(16): object A1 used but never assigned File: C:/Users/Gabriel/Documents/IC/MIPS_Verilog/reg_file.v Line: 16
Warning (10858): Verilog HDL warning at reg_file.v(16): object A2 used but never assigned File: C:/Users/Gabriel/Documents/IC/MIPS_Verilog/reg_file.v Line: 16
Warning (10855): Verilog HDL warning at reg_file.v(24): initial value for variable registradores should be constant File: C:/Users/Gabriel/Documents/IC/MIPS_Verilog/reg_file.v Line: 24
Warning (10030): Net "A1" at reg_file.v(16) has no driver or initial value, using a default initial value '0' File: C:/Users/Gabriel/Documents/IC/MIPS_Verilog/reg_file.v Line: 16
Warning (10030): Net "A2" at reg_file.v(16) has no driver or initial value, using a default initial value '0' File: C:/Users/Gabriel/Documents/IC/MIPS_Verilog/reg_file.v Line: 16
Warning (12241): 1 hierarchies have connectivity warnings - see the Connectivity Checks report folder
Warning (13024): Output pins are stuck at VCC or GND
    Warning (13410): Pin "RD1[1]" is stuck at GND File: C:/Users/Gabriel/Documents/IC/MIPS_Verilog/pc_memprog_regfile.v Line: 5
    Warning (13410): Pin "RD1[2]" is stuck at GND File: C:/Users/Gabriel/Documents/IC/MIPS_Verilog/pc_memprog_regfile.v Line: 5
    Warning (13410): Pin "RD1[3]" is stuck at GND File: C:/Users/Gabriel/Documents/IC/MIPS_Verilog/pc_memprog_regfile.v Line: 5
    Warning (13410): Pin "RD1[4]" is stuck at GND File: C:/Users/Gabriel/Documents/IC/MIPS_Verilog/pc_memprog_regfile.v Line: 5
    Warning (13410): Pin "RD1[5]" is stuck at GND File: C:/Users/Gabriel/Documents/IC/MIPS_Verilog/pc_memprog_regfile.v Line: 5
    Warning (13410): Pin "RD1[6]" is stuck at GND File: C:/Users/Gabriel/Documents/IC/MIPS_Verilog/pc_memprog_regfile.v Line: 5
    Warning (13410): Pin "RD1[7]" is stuck at GND File: C:/Users/Gabriel/Documents/IC/MIPS_Verilog/pc_memprog_regfile.v Line: 5
    Warning (13410): Pin "RD1[8]" is stuck at GND File: C:/Users/Gabriel/Documents/IC/MIPS_Verilog/pc_memprog_regfile.v Line: 5
    Warning (13410): Pin "RD1[9]" is stuck at GND File: C:/Users/Gabriel/Documents/IC/MIPS_Verilog/pc_memprog_regfile.v Line: 5
    Warning (13410): Pin "RD1[10]" is stuck at GND File: C:/Users/Gabriel/Documents/IC/MIPS_Verilog/pc_memprog_regfile.v Line: 5
    Warning (13410): Pin "RD1[11]" is stuck at GND File: C:/Users/Gabriel/Documents/IC/MIPS_Verilog/pc_memprog_regfile.v Line: 5
    Warning (13410): Pin "RD1[12]" is stuck at GND File: C:/Users/Gabriel/Documents/IC/MIPS_Verilog/pc_memprog_regfile.v Line: 5
    Warning (13410): Pin "RD1[13]" is stuck at GND File: C:/Users/Gabriel/Documents/IC/MIPS_Verilog/pc_memprog_regfile.v Line: 5
    Warning (13410): Pin "RD1[14]" is stuck at GND File: C:/Users/Gabriel/Documents/IC/MIPS_Verilog/pc_memprog_regfile.v Line: 5
    Warning (13410): Pin "RD1[15]" is stuck at GND File: C:/Users/Gabriel/Documents/IC/MIPS_Verilog/pc_memprog_regfile.v Line: 5
    Warning (13410): Pin "RD1[16]" is stuck at GND File: C:/Users/Gabriel/Documents/IC/MIPS_Verilog/pc_memprog_regfile.v Line: 5
    Warning (13410): Pin "RD1[17]" is stuck at GND File: C:/Users/Gabriel/Documents/IC/MIPS_Verilog/pc_memprog_regfile.v Line: 5
    Warning (13410): Pin "RD1[18]" is stuck at GND File: C:/Users/Gabriel/Documents/IC/MIPS_Verilog/pc_memprog_regfile.v Line: 5
    Warning (13410): Pin "RD1[19]" is stuck at GND File: C:/Users/Gabriel/Documents/IC/MIPS_Verilog/pc_memprog_regfile.v Line: 5
    Warning (13410): Pin "RD1[20]" is stuck at GND File: C:/Users/Gabriel/Documents/IC/MIPS_Verilog/pc_memprog_regfile.v Line: 5
    Warning (13410): Pin "RD1[21]" is stuck at GND File: C:/Users/Gabriel/Documents/IC/MIPS_Verilog/pc_memprog_regfile.v Line: 5
    Warning (13410): Pin "RD1[22]" is stuck at GND File: C:/Users/Gabriel/Documents/IC/MIPS_Verilog/pc_memprog_regfile.v Line: 5
    Warning (13410): Pin "RD1[23]" is stuck at GND File: C:/Users/Gabriel/Documents/IC/MIPS_Verilog/pc_memprog_regfile.v Line: 5
    Warning (13410): Pin "RD1[24]" is stuck at GND File: C:/Users/Gabriel/Documents/IC/MIPS_Verilog/pc_memprog_regfile.v Line: 5
    Warning (13410): Pin "RD1[25]" is stuck at GND File: C:/Users/Gabriel/Documents/IC/MIPS_Verilog/pc_memprog_regfile.v Line: 5
    Warning (13410): Pin "RD1[26]" is stuck at GND File: C:/Users/Gabriel/Documents/IC/MIPS_Verilog/pc_memprog_regfile.v Line: 5
    Warning (13410): Pin "RD1[27]" is stuck at GND File: C:/Users/Gabriel/Documents/IC/MIPS_Verilog/pc_memprog_regfile.v Line: 5
    Warning (13410): Pin "RD1[28]" is stuck at GND File: C:/Users/Gabriel/Documents/IC/MIPS_Verilog/pc_memprog_regfile.v Line: 5
    Warning (13410): Pin "RD1[29]" is stuck at GND File: C:/Users/Gabriel/Documents/IC/MIPS_Verilog/pc_memprog_regfile.v Line: 5
    Warning (13410): Pin "RD1[30]" is stuck at GND File: C:/Users/Gabriel/Documents/IC/MIPS_Verilog/pc_memprog_regfile.v Line: 5
    Warning (13410): Pin "RD1[31]" is stuck at GND File: C:/Users/Gabriel/Documents/IC/MIPS_Verilog/pc_memprog_regfile.v Line: 5
    Warning (13410): Pin "RD2[1]" is stuck at GND File: C:/Users/Gabriel/Documents/IC/MIPS_Verilog/pc_memprog_regfile.v Line: 6
    Warning (13410): Pin "RD2[2]" is stuck at GND File: C:/Users/Gabriel/Documents/IC/MIPS_Verilog/pc_memprog_regfile.v Line: 6
    Warning (13410): Pin "RD2[3]" is stuck at GND File: C:/Users/Gabriel/Documents/IC/MIPS_Verilog/pc_memprog_regfile.v Line: 6
    Warning (13410): Pin "RD2[4]" is stuck at GND File: C:/Users/Gabriel/Documents/IC/MIPS_Verilog/pc_memprog_regfile.v Line: 6
    Warning (13410): Pin "RD2[5]" is stuck at GND File: C:/Users/Gabriel/Documents/IC/MIPS_Verilog/pc_memprog_regfile.v Line: 6
    Warning (13410): Pin "RD2[6]" is stuck at GND File: C:/Users/Gabriel/Documents/IC/MIPS_Verilog/pc_memprog_regfile.v Line: 6
    Warning (13410): Pin "RD2[7]" is stuck at GND File: C:/Users/Gabriel/Documents/IC/MIPS_Verilog/pc_memprog_regfile.v Line: 6
    Warning (13410): Pin "RD2[8]" is stuck at GND File: C:/Users/Gabriel/Documents/IC/MIPS_Verilog/pc_memprog_regfile.v Line: 6
    Warning (13410): Pin "RD2[9]" is stuck at GND File: C:/Users/Gabriel/Documents/IC/MIPS_Verilog/pc_memprog_regfile.v Line: 6
    Warning (13410): Pin "RD2[10]" is stuck at GND File: C:/Users/Gabriel/Documents/IC/MIPS_Verilog/pc_memprog_regfile.v Line: 6
    Warning (13410): Pin "RD2[11]" is stuck at GND File: C:/Users/Gabriel/Documents/IC/MIPS_Verilog/pc_memprog_regfile.v Line: 6
    Warning (13410): Pin "RD2[12]" is stuck at GND File: C:/Users/Gabriel/Documents/IC/MIPS_Verilog/pc_memprog_regfile.v Line: 6
    Warning (13410): Pin "RD2[13]" is stuck at GND File: C:/Users/Gabriel/Documents/IC/MIPS_Verilog/pc_memprog_regfile.v Line: 6
    Warning (13410): Pin "RD2[14]" is stuck at GND File: C:/Users/Gabriel/Documents/IC/MIPS_Verilog/pc_memprog_regfile.v Line: 6
    Warning (13410): Pin "RD2[15]" is stuck at GND File: C:/Users/Gabriel/Documents/IC/MIPS_Verilog/pc_memprog_regfile.v Line: 6
    Warning (13410): Pin "RD2[16]" is stuck at GND File: C:/Users/Gabriel/Documents/IC/MIPS_Verilog/pc_memprog_regfile.v Line: 6
    Warning (13410): Pin "RD2[17]" is stuck at GND File: C:/Users/Gabriel/Documents/IC/MIPS_Verilog/pc_memprog_regfile.v Line: 6
    Warning (13410): Pin "RD2[18]" is stuck at GND File: C:/Users/Gabriel/Documents/IC/MIPS_Verilog/pc_memprog_regfile.v Line: 6
    Warning (13410): Pin "RD2[19]" is stuck at GND File: C:/Users/Gabriel/Documents/IC/MIPS_Verilog/pc_memprog_regfile.v Line: 6
    Warning (13410): Pin "RD2[20]" is stuck at GND File: C:/Users/Gabriel/Documents/IC/MIPS_Verilog/pc_memprog_regfile.v Line: 6
    Warning (13410): Pin "RD2[21]" is stuck at GND File: C:/Users/Gabriel/Documents/IC/MIPS_Verilog/pc_memprog_regfile.v Line: 6
    Warning (13410): Pin "RD2[22]" is stuck at GND File: C:/Users/Gabriel/Documents/IC/MIPS_Verilog/pc_memprog_regfile.v Line: 6
    Warning (13410): Pin "RD2[23]" is stuck at GND File: C:/Users/Gabriel/Documents/IC/MIPS_Verilog/pc_memprog_regfile.v Line: 6
    Warning (13410): Pin "RD2[24]" is stuck at GND File: C:/Users/Gabriel/Documents/IC/MIPS_Verilog/pc_memprog_regfile.v Line: 6
    Warning (13410): Pin "RD2[25]" is stuck at GND File: C:/Users/Gabriel/Documents/IC/MIPS_Verilog/pc_memprog_regfile.v Line: 6
    Warning (13410): Pin "RD2[26]" is stuck at GND File: C:/Users/Gabriel/Documents/IC/MIPS_Verilog/pc_memprog_regfile.v Line: 6
    Warning (13410): Pin "RD2[27]" is stuck at GND File: C:/Users/Gabriel/Documents/IC/MIPS_Verilog/pc_memprog_regfile.v Line: 6
    Warning (13410): Pin "RD2[28]" is stuck at GND File: C:/Users/Gabriel/Documents/IC/MIPS_Verilog/pc_memprog_regfile.v Line: 6
    Warning (13410): Pin "RD2[29]" is stuck at GND File: C:/Users/Gabriel/Documents/IC/MIPS_Verilog/pc_memprog_regfile.v Line: 6
    Warning (13410): Pin "RD2[30]" is stuck at GND File: C:/Users/Gabriel/Documents/IC/MIPS_Verilog/pc_memprog_regfile.v Line: 6
    Warning (13410): Pin "RD2[31]" is stuck at GND File: C:/Users/Gabriel/Documents/IC/MIPS_Verilog/pc_memprog_regfile.v Line: 6
Info (286030): Timing-Driven Synthesis is running
Info (144001): Generated suppressed messages file C:/Users/Gabriel/Documents/IC/MIPS_Verilog/output_files/MIPS_Verilog.map.smsg
Info (16010): Generating hard_block partition "hard_block:auto_generated_inst"
    Info (16011): Adding 0 node(s), including 0 DDIO, 0 PLL, 0 transceiver and 0 LCELL
Warning (21074): Design contains 1 input pin(s) that do not drive logic
    Warning (15610): No output dependent on input pin "RegDst" File: C:/Users/Gabriel/Documents/IC/MIPS_Verilog/pc_memprog_regfile.v Line: 4
Info (21057): Implemented 171 device resources after synthesis - the final resource count might be different
    Info (21058): Implemented 6 input pins
    Info (21059): Implemented 64 output pins
    Info (21061): Implemented 101 logic cells
Info: Quartus Prime Analysis & Synthesis was successful. 0 errors, 75 warnings
    Info: Peak virtual memory: 4816 megabytes
    Info: Processing ended: Wed Sep 02 20:48:06 2020
    Info: Elapsed time: 00:00:29
    Info: Total CPU time (on all processors): 00:01:07


+------------------------------------------+
; Analysis & Synthesis Suppressed Messages ;
+------------------------------------------+
The suppressed messages can be found in C:/Users/Gabriel/Documents/IC/MIPS_Verilog/output_files/MIPS_Verilog.map.smsg.


